2025-04-18T00:52:43.305+03:00  INFO 10512 --- [store] [main] c.example.store.StoreApplicationTests    : Starting StoreApplicationTests using Java 21.0.6 with PID 10512 (started by tapel in C:\Users\tapel\IdeaProjects\store)
2025-04-18T00:52:43.314+03:00 DEBUG 10512 --- [store] [main] c.example.store.StoreApplicationTests    : Running with Spring Boot v3.4.2, Spring v6.2.2
2025-04-18T00:52:43.315+03:00  INFO 10512 --- [store] [main] c.example.store.StoreApplicationTests    : No active profile set, falling back to 1 default profile: "default"
2025-04-18T00:52:44.802+03:00  INFO 10512 --- [store] [main] .s.d.r.c.RepositoryConfigurationDelegate : Bootstrapping Spring Data JPA repositories in DEFAULT mode.
2025-04-18T00:52:44.904+03:00  INFO 10512 --- [store] [main] .s.d.r.c.RepositoryConfigurationDelegate : Finished Spring Data repository scanning in 86 ms. Found 3 JPA repository interfaces.
2025-04-18T00:52:45.812+03:00  INFO 10512 --- [store] [main] o.hibernate.jpa.internal.util.LogHelper  : HHH000204: Processing PersistenceUnitInfo [name: default]
2025-04-18T00:52:45.947+03:00  INFO 10512 --- [store] [main] org.hibernate.Version                    : HHH000412: Hibernate ORM core version 6.6.5.Final
2025-04-18T00:52:46.004+03:00  INFO 10512 --- [store] [main] o.h.c.internal.RegionFactoryInitiator    : HHH000026: Second-level cache disabled
2025-04-18T00:52:46.207+03:00  INFO 10512 --- [store] [main] o.s.o.j.p.SpringPersistenceUnitInfo      : No LoadTimeWeaver setup: ignoring JPA class transformer
2025-04-18T00:52:46.278+03:00  INFO 10512 --- [store] [main] com.zaxxer.hikari.HikariDataSource       : HikariPool-1 - Starting...
2025-04-18T00:52:46.542+03:00  INFO 10512 --- [store] [main] com.zaxxer.hikari.pool.HikariPool        : HikariPool-1 - Added connection com.mysql.cj.jdbc.ConnectionImpl@3640c992
2025-04-18T00:52:46.545+03:00  INFO 10512 --- [store] [main] com.zaxxer.hikari.HikariDataSource       : HikariPool-1 - Start completed.
2025-04-18T00:52:46.616+03:00  WARN 10512 --- [store] [main] org.hibernate.orm.deprecation            : HHH90000025: MySQL8Dialect does not need to be specified explicitly using 'hibernate.dialect' (remove the property setting and it will be selected by default)
2025-04-18T00:52:46.618+03:00  WARN 10512 --- [store] [main] org.hibernate.orm.deprecation            : HHH90000026: MySQL8Dialect has been deprecated; use org.hibernate.dialect.MySQLDialect instead
2025-04-18T00:52:46.639+03:00  INFO 10512 --- [store] [main] org.hibernate.orm.connections.pooling    : HHH10001005: Database info:
	Database JDBC URL [Connecting through datasource 'HikariDataSource (HikariPool-1)']
	Database driver: undefined/unknown
	Database version: 8.0
	Autocommit mode: undefined/unknown
	Isolation level: undefined/unknown
	Minimum pool size: undefined/unknown
	Maximum pool size: undefined/unknown
2025-04-18T00:52:48.038+03:00  INFO 10512 --- [store] [main] o.h.e.t.j.p.i.JtaPlatformInitiator       : HHH000489: No JTA platform available (set 'hibernate.transaction.jta.platform' to enable JTA platform integration)
2025-04-18T00:52:48.141+03:00  INFO 10512 --- [store] [main] j.LocalContainerEntityManagerFactoryBean : Initialized JPA EntityManagerFactory for persistence unit 'default'
2025-04-18T00:52:48.779+03:00  INFO 10512 --- [store] [main] o.s.d.j.r.query.QueryEnhancerFactory     : Hibernate is in classpath; If applicable, HQL parser will be used.
2025-04-18T00:52:50.192+03:00  WARN 10512 --- [store] [main] JpaBaseConfiguration$JpaWebConfiguration : spring.jpa.open-in-view is enabled by default. Therefore, database queries may be performed during view rendering. Explicitly configure spring.jpa.open-in-view to disable this warning
2025-04-18T00:52:51.079+03:00  INFO 10512 --- [store] [main] c.example.store.StoreApplicationTests    : Started StoreApplicationTests in 8.339 seconds (process running for 12.801)
2025-04-18T00:52:51.128+03:00  INFO 10512 --- [store] [SpringApplicationShutdownHook] j.LocalContainerEntityManagerFactoryBean : Closing JPA EntityManagerFactory for persistence unit 'default'
2025-04-18T00:52:51.130+03:00  INFO 10512 --- [store] [SpringApplicationShutdownHook] com.zaxxer.hikari.HikariDataSource       : HikariPool-1 - Shutdown initiated...
2025-04-18T00:52:51.139+03:00  INFO 10512 --- [store] [SpringApplicationShutdownHook] com.zaxxer.hikari.HikariDataSource       : HikariPool-1 - Shutdown completed.
